E:\教学\2022-2023-1\网络编程技术\网络编程技术期中考试\2022-2023-1网络编程技术期中考试\附件\一、改错题\代码工程1\ERROR\ERROR\CLIENT\DEBUG\CLIENT.PCH
E:\教学\2022-2023-1\网络编程技术\网络编程技术期中考试\2022-2023-1网络编程技术期中考试\附件\一、改错题\代码工程1\ERROR\ERROR\CLIENT\DEBUG\STDAFX.OBJ
E:\教学\2022-2023-1\网络编程技术\网络编程技术期中考试\2022-2023-1网络编程技术期中考试\附件\一、改错题\代码工程1\ERROR\ERROR\CLIENT\DEBUG\VC110.PDB
E:\教学\2022-2023-1\网络编程技术\网络编程技术期中考试\2022-2023-1网络编程技术期中考试\附件\一、改错题\代码工程1\ERROR\ERROR\CLIENT\DEBUG\CLIENT.OBJ
E:\教学\2022-2023-1\网络编程技术\网络编程技术期中考试\2022-2023-1网络编程技术期中考试\附件\一、改错题\代码工程1\ERROR\ERROR\DEBUG\CLIENT.ILK
E:\教学\2022-2023-1\网络编程技术\网络编程技术期中考试\2022-2023-1网络编程技术期中考试\附件\一、改错题\代码工程1\ERROR\ERROR\DEBUG\CLIENT.EXE
E:\教学\2022-2023-1\网络编程技术\网络编程技术期中考试\2022-2023-1网络编程技术期中考试\附件\一、改错题\代码工程1\ERROR\ERROR\DEBUG\CLIENT.PDB
H:\2023-2024-1\网络编程技术\期中考试\2023-2024-1网络编程技术期中考试\附件\一、改错题\代码工程1\error\error\client\Debug\client.obj
H:\2023-2024-1\网络编程技术\期中考试\2023-2024-1网络编程技术期中考试\附件\一、改错题\代码工程1\error\error\client\Debug\stdafx.obj
H:\2023-2024-1\网络编程技术\期中考试\2023-2024-1网络编程技术期中考试\附件\一、改错题\代码工程1\error\error\client\Debug\cl.command.1.tlog
H:\2023-2024-1\网络编程技术\期中考试\2023-2024-1网络编程技术期中考试\附件\一、改错题\代码工程1\error\error\client\Debug\CL.read.1.tlog
H:\2023-2024-1\网络编程技术\期中考试\2023-2024-1网络编程技术期中考试\附件\一、改错题\代码工程1\error\error\client\Debug\CL.write.1.tlog
H:\2023-2024-1\网络编程技术\期中考试\2023-2024-1网络编程技术期中考试\附件\一、改错题\代码工程1\error\error\client\Debug\link-cvtres.read.1.tlog
H:\2023-2024-1\网络编程技术\期中考试\2023-2024-1网络编程技术期中考试\附件\一、改错题\代码工程1\error\error\client\Debug\link-cvtres.write.1.tlog
H:\2023-2024-1\网络编程技术\期中考试\2023-2024-1网络编程技术期中考试\附件\一、改错题\代码工程1\error\error\client\Debug\link-rc.read.1.tlog
H:\2023-2024-1\网络编程技术\期中考试\2023-2024-1网络编程技术期中考试\附件\一、改错题\代码工程1\error\error\client\Debug\link-rc.write.1.tlog
H:\2023-2024-1\网络编程技术\期中考试\2023-2024-1网络编程技术期中考试\附件\一、改错题\代码工程1\error\error\client\Debug\link.command.1.tlog
H:\2023-2024-1\网络编程技术\期中考试\2023-2024-1网络编程技术期中考试\附件\一、改错题\代码工程1\error\error\client\Debug\link.read.1.tlog
H:\2023-2024-1\网络编程技术\期中考试\2023-2024-1网络编程技术期中考试\附件\一、改错题\代码工程1\error\error\client\Debug\link.write.1.tlog
H:\2023-2024-1\网络编程技术\期中考试\2023-2024-1网络编程技术期中考试\附件\一、改错题\代码工程1\error\error\client\Debug\client.pch
H:\2023-2024-1\网络编程技术\期中考试\2023-2024-1网络编程技术期中考试\附件\一、改错题\代码工程1\error\error\client\Debug\vc110.idb
H:\2023-2024-1\网络编程技术\期中考试\2023-2024-1网络编程技术期中考试\附件\一、改错题\代码工程1\error\error\client\Debug\vc110.pdb
H:\2023-2024-1\网络编程技术\期中考试\2023-2024-1网络编程技术期中考试\附件\一、改错题\代码工程1\error\error\Debug\client.pdb
H:\2023-2024-1\网络编程技术\期中考试\2023-2024-1网络编程技术期中考试\附件\一、改错题\代码工程1\error\error\Debug\client.exe
H:\2023-2024-1\网络编程技术\期中考试\2023-2024-1网络编程技术期中考试\附件\一、改错题\代码工程1\error\error\Debug\client.ilk
